<?xml version="1.0" encoding="UTF-8"?>
<testng-results ignored="0" total="1" passed="1" failed="0" skipped="0">
  <reporter-output>
  </reporter-output>
  <suite started-at="2025-07-23T13:24:10 IST" name="Default suite" finished-at="2025-07-23T13:25:52 IST" duration-ms="101730">
    <groups>
      <group name="regressionTest">
        <method signature="CreateOrg.CreateOrgWithIndustry()[pri:0, instance:CrmOrgTest.CreateOrg@5542c4ed]" name="CreateOrgWithIndustry" class="CrmOrgTest.CreateOrg"/>
      </group> <!-- regressionTest -->
    </groups>
    <test started-at="2025-07-23T13:24:10 IST" name="Default test" finished-at="2025-07-23T13:25:52 IST" duration-ms="101730">
      <class name="CrmOrgTest.CreateOrg">
        <test-method is-config="true" signature="configBS()[pri:0, instance:CrmOrgTest.CreateOrg@5542c4ed]" started-at="2025-07-23T13:24:10 IST" name="configBS" finished-at="2025-07-23T13:24:10 IST" duration-ms="386" status="PASS">
          <reporter-output>
          </reporter-output>
        </test-method> <!-- configBS -->
        <test-method is-config="true" signature="configBC(java.lang.String)[pri:0, instance:CrmOrgTest.CreateOrg@5542c4ed]" started-at="2025-07-23T13:24:10 IST" name="configBC" finished-at="2025-07-23T13:24:12 IST" duration-ms="2302" status="PASS">
          <params>
            <param index="0">
              <value>
                <![CDATA[chrome]]>
              </value>
            </param>
          </params>
          <reporter-output>
          </reporter-output>
        </test-method> <!-- configBC -->
        <test-method is-config="true" signature="configBM()[pri:0, instance:CrmOrgTest.CreateOrg@5542c4ed]" started-at="2025-07-23T13:24:12 IST" name="configBM" finished-at="2025-07-23T13:24:14 IST" duration-ms="2006" status="PASS">
          <reporter-output>
          </reporter-output>
        </test-method> <!-- configBM -->
        <test-method signature="CreateOrgWithIndustry()[pri:0, instance:CrmOrgTest.CreateOrg@5542c4ed]" started-at="2025-07-23T13:24:14 IST" name="CreateOrgWithIndustry" finished-at="2025-07-23T13:25:45 IST" duration-ms="90544" status="PASS">
          <reporter-output>
          </reporter-output>
        </test-method> <!-- CreateOrgWithIndustry -->
        <test-method is-config="true" signature="configAM()[pri:0, instance:CrmOrgTest.CreateOrg@5542c4ed]" started-at="2025-07-23T13:25:45 IST" name="configAM" finished-at="2025-07-23T13:25:51 IST" duration-ms="6039" status="PASS">
          <reporter-output>
          </reporter-output>
        </test-method> <!-- configAM -->
        <test-method is-config="true" signature="configAC()[pri:0, instance:CrmOrgTest.CreateOrg@5542c4ed]" started-at="2025-07-23T13:25:51 IST" name="configAC" finished-at="2025-07-23T13:25:52 IST" duration-ms="786" status="PASS">
          <reporter-output>
          </reporter-output>
        </test-method> <!-- configAC -->
        <test-method is-config="true" signature="configAs()[pri:0, instance:CrmOrgTest.CreateOrg@5542c4ed]" started-at="2025-07-23T13:25:52 IST" name="configAs" finished-at="2025-07-23T13:25:52 IST" duration-ms="37" status="PASS">
          <reporter-output>
          </reporter-output>
        </test-method> <!-- configAs -->
      </class> <!-- CrmOrgTest.CreateOrg -->
    </test> <!-- Default test -->
  </suite> <!-- Default suite -->
</testng-results>
