<?xml version="1.0" encoding="UTF-8"?>
<!-- Generated by org.testng.reporters.JUnitXMLReporter -->
<testsuite ignored="0" hostname="LAPTOP-ILEVVRC8" failures="1" tests="3" name="Test" time="64.052" errors="0" timestamp="2025-07-22T15:46:43 IST">
  <testcase classname="CrmOrgTest.CreateOrg" name="CreateOrgWithIndustry" time="15.067"/>
  <testcase classname="CrmOrgTest.CreateOrg" name="CreateOrgWithPhNo" time="14.654"/>
  <testcase classname="CrmOrgTest.CreateOrg" name="createOrg" time="17.679">
    <failure type="java.lang.AssertionError" message="expected [false] but found [true]">
      <![CDATA[java.lang.AssertionError: expected [false] but found [true]
at CrmOrgTest.CreateOrg.createOrg(CreateOrg.java:46)
at java.base/java.util.ArrayList.forEach(ArrayList.java:1511)
... Removed 34 stack frames]]>
    </failure>
  </testcase> <!-- createOrg -->
</testsuite> <!-- Test -->
