<?xml version="1.0" encoding="UTF-8"?>
<testng-results ignored="0" total="1" passed="1" failed="0" skipped="0">
  <reporter-output>
  </reporter-output>
  <suite started-at="2025-06-30T16:57:56 IST" name="Surefire suite" finished-at="2025-06-30T16:58:13 IST" duration-ms="17593">
    <groups>
    </groups>
    <test started-at="2025-06-30T16:57:56 IST" name="Surefire test" finished-at="2025-06-30T16:58:13 IST" duration-ms="17593">
      <class name="DDT.JdbcCheckingDataInBackend">
        <test-method signature="jdbc()[pri:0, instance:DDT.JdbcCheckingDataInBackend@2928854b]" started-at="2025-06-30T16:57:56 IST" name="jdbc" finished-at="2025-06-30T16:58:13 IST" duration-ms="17569" status="PASS">
          <reporter-output>
          </reporter-output>
        </test-method> <!-- jdbc -->
      </class> <!-- DDT.JdbcCheckingDataInBackend -->
    </test> <!-- Surefire test -->
  </suite> <!-- Surefire suite -->
</testng-results>
