<?xml version="1.0" encoding="UTF-8"?>
<!-- Generated by org.testng.reporters.JUnitXMLReporter -->
<testsuite ignored="2" hostname="LAPTOP-ILEVVRC8" failures="0" tests="1" name="Default test" time="101.73" errors="0" timestamp="2025-07-23T13:25:52 IST">
  <testcase classname="CrmOrgTest.CreateOrg" name="CreateOrgWithIndustry" time="90.544"/>
  <testcase classname="CrmOrgTest.CreateOrg" name="CreateOrgWithPhNo" time="0.0">
    <ignored/>
  </testcase> <!-- CreateOrgWithPhNo -->
  <testcase classname="CrmOrgTest.CreateOrg" name="createOrg" time="0.0">
    <ignored/>
  </testcase> <!-- createOrg -->
</testsuite> <!-- Default test -->
